     1                                  
     2                                  	; Example 2:
     3                                      
     4                                      ; a program to add three numbers accessed using a single label
     5                                  
     6                                  [org 0x0100]
     7                                  
     8 00000000 A1[1700]                			mov	ax, [num1]	    ; load first number in ax
     9 00000003 8B1E[1900]              		    mov	bx, [num1+2]	; load second number in bx
    10 00000007 01D8                    			add	ax, bx      	; accumulate sum in ax
    11 00000009 8B1E[1B00]              			mov	bx, [num1+4]	; load third number in bx
    12 0000000D 01D8                    			add	ax, bx       	; accumulate sum in ax
    13 0000000F A3[1D00]                			mov	[num1+6], ax	; store sum at num1+6
    14 00000012 B8004C                  			mov	ax, 0x4c00	    ; terminate program
    15                                  				
    16 00000015 CD21                    int	0x21	
    17                                  
    18 00000017 0500                    num1:	dw	5	
    19                                  					
    20 00000019 0A00                    	    dw	10	
    21 0000001B 0F00                    		dw	15	
    22 0000001D 0000                    		dw	0	
